<?xml version="1.0" encoding="UTF-8"?>
<testng-results skipped="0" failed="0" total="2" passed="2">
  <reporter-output>
    <line>
      <![CDATA[===========Browser Starting Session============]]>
    </line>
    <line>
      <![CDATA[===========Browser Closing Session============]]>
    </line>
    <line>
      <![CDATA[===========Browser Starting Session============]]>
    </line>
    <line>
      <![CDATA[Login failure message displayed successfully]]>
    </line>
    <line>
      <![CDATA[===========Browser Closing Session============]]>
    </line>
  </reporter-output>
  <suite name="Default suite" duration-ms="22294" started-at="2018-09-11T09:32:39Z" finished-at="2018-09-11T09:33:01Z">
    <groups>
    </groups>
    <test name="Default test" duration-ms="22294" started-at="2018-09-11T09:32:39Z" finished-at="2018-09-11T09:33:01Z">
      <class name="JBPM.HeadlessTestNG">
        <test-method status="PASS" signature="SetUpApplication()[pri:0, instance:JBPM.HeadlessTestNG@1c6f14e]" name="SetUpApplication" is-config="true" duration-ms="10606" started-at="2018-09-11T05:32:39Z" finished-at="2018-09-11T05:32:49Z">
          <reporter-output>
            <line>
              <![CDATA[===========Browser Starting Session============]]>
            </line>
          </reporter-output>
        </test-method> <!-- SetUpApplication -->
        <test-method status="PASS" signature="LoginToApplication()[pri:0, instance:JBPM.HeadlessTestNG@1c6f14e]" name="LoginToApplication" duration-ms="428" started-at="2018-09-11T05:32:49Z" finished-at="2018-09-11T05:32:50Z">
          <reporter-output>
          </reporter-output>
        </test-method> <!-- LoginToApplication -->
        <test-method status="PASS" signature="CloseApplication()[pri:0, instance:JBPM.HeadlessTestNG@1c6f14e]" name="CloseApplication" is-config="true" duration-ms="826" started-at="2018-09-11T05:32:50Z" finished-at="2018-09-11T05:32:51Z">
          <reporter-output>
            <line>
              <![CDATA[===========Browser Closing Session============]]>
            </line>
          </reporter-output>
        </test-method> <!-- CloseApplication -->
        <test-method status="PASS" signature="SetUpApplication()[pri:0, instance:JBPM.HeadlessTestNG@1c6f14e]" name="SetUpApplication" is-config="true" duration-ms="8895" started-at="2018-09-11T05:32:51Z" finished-at="2018-09-11T05:33:00Z">
          <reporter-output>
            <line>
              <![CDATA[===========Browser Starting Session============]]>
            </line>
          </reporter-output>
        </test-method> <!-- SetUpApplication -->
        <test-method status="PASS" signature="Loginfailed()[pri:0, instance:JBPM.HeadlessTestNG@1c6f14e]" name="Loginfailed" duration-ms="680" started-at="2018-09-11T05:33:00Z" finished-at="2018-09-11T05:33:00Z">
          <reporter-output>
            <line>
              <![CDATA[Login failure message displayed successfully]]>
            </line>
          </reporter-output>
        </test-method> <!-- Loginfailed -->
        <test-method status="PASS" signature="CloseApplication()[pri:0, instance:JBPM.HeadlessTestNG@1c6f14e]" name="CloseApplication" is-config="true" duration-ms="811" started-at="2018-09-11T05:33:00Z" finished-at="2018-09-11T05:33:01Z">
          <reporter-output>
            <line>
              <![CDATA[===========Browser Closing Session============]]>
            </line>
          </reporter-output>
        </test-method> <!-- CloseApplication -->
      </class> <!-- JBPM.HeadlessTestNG -->
    </test> <!-- Default test -->
  </suite> <!-- Default suite -->
</testng-results>
