<?xml version="1.0" encoding="UTF-8"?>
<testng-results skipped="0" failed="0" total="1" passed="1">
  <reporter-output>
    <line>
      <![CDATA[===========Browser Starting Session============]]>
    </line>
    <line>
      <![CDATA[===========Browser Closing Session============]]>
    </line>
  </reporter-output>
  <suite name="Default suite" duration-ms="11350" started-at="2018-08-17T12:24:25Z" finished-at="2018-08-17T12:24:37Z">
    <groups>
    </groups>
    <test name="Default test" duration-ms="11350" started-at="2018-08-17T12:24:25Z" finished-at="2018-08-17T12:24:37Z">
      <class name="JBPM.LoginPage">
        <test-method status="PASS" signature="SetUpApplication()[pri:0, instance:JBPM.LoginPage@4ed9f0]" name="SetUpApplication" is-config="true" duration-ms="9900" started-at="2018-08-17T08:24:25Z" finished-at="2018-08-17T08:24:35Z">
          <reporter-output>
            <line>
              <![CDATA[===========Browser Starting Session============]]>
            </line>
          </reporter-output>
        </test-method> <!-- SetUpApplication -->
        <test-method status="PASS" signature="LoginToApplication()[pri:0, instance:JBPM.LoginPage@4ed9f0]" name="LoginToApplication" duration-ms="525" started-at="2018-08-17T08:24:35Z" finished-at="2018-08-17T08:24:36Z">
          <reporter-output>
          </reporter-output>
        </test-method> <!-- LoginToApplication -->
        <test-method status="PASS" signature="CloseApplication()[pri:0, instance:JBPM.LoginPage@4ed9f0]" name="CloseApplication" is-config="true" duration-ms="877" started-at="2018-08-17T08:24:36Z" finished-at="2018-08-17T08:24:37Z">
          <reporter-output>
            <line>
              <![CDATA[===========Browser Closing Session============]]>
            </line>
          </reporter-output>
        </test-method> <!-- CloseApplication -->
      </class> <!-- JBPM.LoginPage -->
    </test> <!-- Default test -->
  </suite> <!-- Default suite -->
</testng-results>
